#-----------------------------------------------------------
# Vivado v2018.2.2 (64-bit)
# SW Build 2348494 on Mon Oct  1 18:25:44 MDT 2018
# IP Build 2318053 on Mon Oct  1 21:44:26 MDT 2018
# Start of session at: Mon May 13 14:47:41 2019
# Process ID: 2244
# Current directory: C:/Users/cmrnn/Desktop/SoftcoreSoCFPGA/Block Memory/Vivado Project
# Command line: vivado.exe -gui_launcher_event rodinguilauncherevent15332 C:\Users\cmrnn\Desktop\SoftcoreSoCFPGA\Block Memory\Vivado Project\Block Memory.xpr
# Log file: C:/Users/cmrnn/Desktop/SoftcoreSoCFPGA/Block Memory/Vivado Project/vivado.log
# Journal file: C:/Users/cmrnn/Desktop/SoftcoreSoCFPGA/Block Memory/Vivado Project\vivado.jou
#-----------------------------------------------------------
start_gui
open_project {C:/Users/cmrnn/Desktop/SoftcoreSoCFPGA/Block Memory/Vivado Project/Block Memory.xpr}
Scanning sources...
Finished scanning sources
INFO: [IP_Flow 19-234] Refreshing IP repositories
INFO: [IP_Flow 19-1704] No user IP repositories specified
INFO: [IP_Flow 19-2313] Loaded Vivado IP repository 'C:/Xilinx/Vivado/2018.2/data/ip'.
open_project: Time (s): cpu = 00:00:18 ; elapsed = 00:00:12 . Memory (MB): peak = 848.523 ; gain = 140.527
update_compile_order -fileset sources_1
set_property top rd_wr_state_machine [current_fileset]
update_compile_order -fileset sources_1
