#-----------------------------------------------------------
# Vivado v2018.2.2 (64-bit)
# SW Build 2348494 on Mon Oct  1 18:25:44 MDT 2018
# IP Build 2318053 on Mon Oct  1 21:44:26 MDT 2018
# Start of session at: Sun May 12 21:02:56 2019
# Process ID: 2908
# Current directory: C:/Users/cmrnn/Desktop/SoftcoreSoCFPGA/Block Memory/Vivado Project
# Command line: vivado.exe -gui_launcher_event rodinguilauncherevent15508 C:\Users\cmrnn\Desktop\SoftcoreSoCFPGA\Block Memory\Vivado Project\Block Memory.xpr
# Log file: C:/Users/cmrnn/Desktop/SoftcoreSoCFPGA/Block Memory/Vivado Project/vivado.log
# Journal file: C:/Users/cmrnn/Desktop/SoftcoreSoCFPGA/Block Memory/Vivado Project\vivado.jou
#-----------------------------------------------------------
start_gui
open_project {C:/Users/cmrnn/Desktop/SoftcoreSoCFPGA/Block Memory/Vivado Project/Block Memory.xpr}
CRITICAL WARNING: [Project 1-19] Could not find the file 'C:/Users/cmrnn/Desktop/SoftcoreSoCFPGA/Block Memory/Vivado Project/Block Memory.srcs/sources_1/new/sw2sseg.sv'.
Scanning sources...
Finished scanning sources
INFO: [IP_Flow 19-234] Refreshing IP repositories
INFO: [IP_Flow 19-1704] No user IP repositories specified
INFO: [IP_Flow 19-2313] Loaded Vivado IP repository 'C:/Xilinx/Vivado/2018.2/data/ip'.
open_project: Time (s): cpu = 00:00:17 ; elapsed = 00:00:11 . Memory (MB): peak = 818.887 ; gain = 165.211
update_compile_order -fileset sources_1
update_files -from_files {{C:/Users/cmrnn/Desktop/SoftcoreSoCFPGA/Block Memory/Vivado Project/Block Memory.srcs/sources_1/new/sw2hex.sv}} -to_files {{C:/Users/cmrnn/Desktop/SoftcoreSoCFPGA/Block Memory/Vivado Project/Block Memory.srcs/sources_1/new/sw2sseg.sv}} -filesets [get_filesets *]
INFO: [filemgmt 20-762] Replacing file 'C:/Users/cmrnn/Desktop/SoftcoreSoCFPGA/Block Memory/Vivado Project/Block Memory.srcs/sources_1/new/sw2sseg.sv' with file 'C:/Users/cmrnn/Desktop/SoftcoreSoCFPGA/Block Memory/Vivado Project/Block Memory.srcs/sources_1/new/sw2hex.sv'.
exit
INFO: [Common 17-206] Exiting Vivado at Sun May 12 21:07:36 2019...
