#-----------------------------------------------------------
# Vivado v2018.2.2 (64-bit)
# SW Build 2348494 on Mon Oct  1 18:25:44 MDT 2018
# IP Build 2318053 on Mon Oct  1 21:44:26 MDT 2018
# Start of session at: Sat May 11 13:01:26 2019
# Process ID: 5988
# Current directory: C:/Users/cmrnn/Desktop/SoftcoreSoCFPGA/Reaction Timer/Vivado Project
# Command line: vivado.exe -gui_launcher_event rodinguilauncherevent6344 C:\Users\cmrnn\Desktop\SoftcoreSoCFPGA\Reaction Timer\Vivado Project\Reaction Timer.xpr
# Log file: C:/Users/cmrnn/Desktop/SoftcoreSoCFPGA/Reaction Timer/Vivado Project/vivado.log
# Journal file: C:/Users/cmrnn/Desktop/SoftcoreSoCFPGA/Reaction Timer/Vivado Project\vivado.jou
#-----------------------------------------------------------
start_gui
open_project {C:/Users/cmrnn/Desktop/SoftcoreSoCFPGA/Reaction Timer/Vivado Project/Reaction Timer.xpr}
INFO: [Project 1-313] Project file moved from 'C:/Users/cmrnn/Desktop/SoftcoreSoCFPGA/Reaction Timer' since last save.
Scanning sources...
Finished scanning sources
INFO: [IP_Flow 19-234] Refreshing IP repositories
INFO: [IP_Flow 19-1704] No user IP repositories specified
INFO: [IP_Flow 19-2313] Loaded Vivado IP repository 'C:/Xilinx/Vivado/2018.2/data/ip'.
open_project: Time (s): cpu = 00:00:20 ; elapsed = 00:00:11 . Memory (MB): peak = 822.813 ; gain = 168.141
