#-----------------------------------------------------------
# Vivado v2018.2.2 (64-bit)
# SW Build 2348494 on Mon Oct  1 18:25:44 MDT 2018
# IP Build 2318053 on Mon Oct  1 21:44:26 MDT 2018
# Start of session at: Mon Apr 22 16:22:08 2019
# Process ID: 11236
# Current directory: C:/Users/cmrnn/Desktop/FPGA/Reaction Timer
# Command line: vivado.exe -gui_launcher_event rodinguilauncherevent16116 C:\Users\cmrnn\Desktop\FPGA\Reaction Timer\Reaction Timer.xpr
# Log file: C:/Users/cmrnn/Desktop/FPGA/Reaction Timer/vivado.log
# Journal file: C:/Users/cmrnn/Desktop/FPGA/Reaction Timer\vivado.jou
#-----------------------------------------------------------
start_gui
open_project {C:/Users/cmrnn/Desktop/FPGA/Reaction Timer/Reaction Timer.xpr}
INFO: [Project 1-313] Project file moved from 'C:/Users/cmrnn/Desktop/Reaction Timer' since last save.
Scanning sources...
Finished scanning sources
INFO: [IP_Flow 19-234] Refreshing IP repositories
INFO: [IP_Flow 19-1704] No user IP repositories specified
INFO: [IP_Flow 19-2313] Loaded Vivado IP repository 'C:/Xilinx/Vivado/2018.2/data/ip'.
open_project: Time (s): cpu = 00:00:21 ; elapsed = 00:00:14 . Memory (MB): peak = 859.152 ; gain = 137.898
exit
INFO: [Common 17-206] Exiting Vivado at Mon Apr 22 18:51:31 2019...
