#-----------------------------------------------------------
# Vivado v2018.2.2 (64-bit)
# SW Build 2348494 on Mon Oct  1 18:25:44 MDT 2018
# IP Build 2318053 on Mon Oct  1 21:44:26 MDT 2018
# Start of session at: Wed Apr 24 16:57:48 2019
# Process ID: 7864
# Current directory: C:/Users/cmrnn/Desktop/FPGA/Reaction Timer
# Command line: vivado.exe -gui_launcher_event rodinguilauncherevent7256 C:\Users\cmrnn\Desktop\FPGA\Reaction Timer\Reaction Timer.xpr
# Log file: C:/Users/cmrnn/Desktop/FPGA/Reaction Timer/vivado.log
# Journal file: C:/Users/cmrnn/Desktop/FPGA/Reaction Timer\vivado.jou
#-----------------------------------------------------------
start_gui
open_project {C:/Users/cmrnn/Desktop/FPGA/Reaction Timer/Reaction Timer.xpr}
INFO: [Project 1-313] Project file moved from 'C:/Users/cmrnn/Desktop/Reaction Timer' since last save.
Scanning sources...
Finished scanning sources
INFO: [IP_Flow 19-234] Refreshing IP repositories
INFO: [IP_Flow 19-1704] No user IP repositories specified
INFO: [IP_Flow 19-2313] Loaded Vivado IP repository 'C:/Xilinx/Vivado/2018.2/data/ip'.
open_project: Time (s): cpu = 00:00:18 ; elapsed = 00:00:11 . Memory (MB): peak = 784.734 ; gain = 124.375
exit
INFO: [Common 17-206] Exiting Vivado at Wed Apr 24 17:30:41 2019...
