
*** Running vivado
    with args -log period_counter.vdi -applog -m64 -product Vivado -messageDb vivado.pb -mode batch -source period_counter.tcl -notrace


****** Vivado v2018.2.2 (64-bit)
  **** SW Build 2348494 on Mon Oct  1 18:25:44 MDT 2018
  **** IP Build 2318053 on Mon Oct  1 21:44:26 MDT 2018
    ** Copyright 1986-2018 Xilinx, Inc. All Rights Reserved.

source period_counter.tcl -notrace
Command: link_design -top period_counter -part xc7a100tcsg324-1
Design is defaulting to srcset: sources_1
Design is defaulting to constrset: constrs_1
INFO: [Netlist 29-17] Analyzing 8 Unisim elements for replacement
INFO: [Netlist 29-28] Unisim Transformation completed in 2 CPU seconds
INFO: [Project 1-479] Netlist was created with Vivado 2018.2.2
INFO: [Device 21-403] Loading part xc7a100tcsg324-1
INFO: [Project 1-570] Preparing netlist for logic optimization
Parsing XDC File [C:/Users/cmrnn/Desktop/Source and Constraint Files/constraint/Nexys4_DDR_chu.xdc]
WARNING: [Vivado 12-584] No ports matched 'sw[0]'. [C:/Users/cmrnn/Desktop/Source and Constraint Files/constraint/Nexys4_DDR_chu.xdc:23]
CRITICAL WARNING: [Common 17-55] 'set_property' expects at least one object. [C:/Users/cmrnn/Desktop/Source and Constraint Files/constraint/Nexys4_DDR_chu.xdc:23]
Resolution: If [get_<value>] was used to populate the object, check to make sure this command returns at least one valid object.
WARNING: [Vivado 12-584] No ports matched 'sw[1]'. [C:/Users/cmrnn/Desktop/Source and Constraint Files/constraint/Nexys4_DDR_chu.xdc:24]
CRITICAL WARNING: [Common 17-55] 'set_property' expects at least one object. [C:/Users/cmrnn/Desktop/Source and Constraint Files/constraint/Nexys4_DDR_chu.xdc:24]
Resolution: If [get_<value>] was used to populate the object, check to make sure this command returns at least one valid object.
WARNING: [Vivado 12-584] No ports matched 'sw[2]'. [C:/Users/cmrnn/Desktop/Source and Constraint Files/constraint/Nexys4_DDR_chu.xdc:25]
CRITICAL WARNING: [Common 17-55] 'set_property' expects at least one object. [C:/Users/cmrnn/Desktop/Source and Constraint Files/constraint/Nexys4_DDR_chu.xdc:25]
Resolution: If [get_<value>] was used to populate the object, check to make sure this command returns at least one valid object.
WARNING: [Vivado 12-584] No ports matched 'sw[3]'. [C:/Users/cmrnn/Desktop/Source and Constraint Files/constraint/Nexys4_DDR_chu.xdc:26]
CRITICAL WARNING: [Common 17-55] 'set_property' expects at least one object. [C:/Users/cmrnn/Desktop/Source and Constraint Files/constraint/Nexys4_DDR_chu.xdc:26]
Resolution: If [get_<value>] was used to populate the object, check to make sure this command returns at least one valid object.
WARNING: [Vivado 12-584] No ports matched 'sw[4]'. [C:/Users/cmrnn/Desktop/Source and Constraint Files/constraint/Nexys4_DDR_chu.xdc:27]
CRITICAL WARNING: [Common 17-55] 'set_property' expects at least one object. [C:/Users/cmrnn/Desktop/Source and Constraint Files/constraint/Nexys4_DDR_chu.xdc:27]
Resolution: If [get_<value>] was used to populate the object, check to make sure this command returns at least one valid object.
WARNING: [Vivado 12-584] No ports matched 'sw[5]'. [C:/Users/cmrnn/Desktop/Source and Constraint Files/constraint/Nexys4_DDR_chu.xdc:28]
CRITICAL WARNING: [Common 17-55] 'set_property' expects at least one object. [C:/Users/cmrnn/Desktop/Source and Constraint Files/constraint/Nexys4_DDR_chu.xdc:28]
Resolution: If [get_<value>] was used to populate the object, check to make sure this command returns at least one valid object.
WARNING: [Vivado 12-584] No ports matched 'sw[6]'. [C:/Users/cmrnn/Desktop/Source and Constraint Files/constraint/Nexys4_DDR_chu.xdc:29]
CRITICAL WARNING: [Common 17-55] 'set_property' expects at least one object. [C:/Users/cmrnn/Desktop/Source and Constraint Files/constraint/Nexys4_DDR_chu.xdc:29]
Resolution: If [get_<value>] was used to populate the object, check to make sure this command returns at least one valid object.
WARNING: [Vivado 12-584] No ports matched 'sw[7]'. [C:/Users/cmrnn/Desktop/Source and Constraint Files/constraint/Nexys4_DDR_chu.xdc:30]
CRITICAL WARNING: [Common 17-55] 'set_property' expects at least one object. [C:/Users/cmrnn/Desktop/Source and Constraint Files/constraint/Nexys4_DDR_chu.xdc:30]
Resolution: If [get_<value>] was used to populate the object, check to make sure this command returns at least one valid object.
WARNING: [Vivado 12-584] No ports matched 'sw[8]'. [C:/Users/cmrnn/Desktop/Source and Constraint Files/constraint/Nexys4_DDR_chu.xdc:31]
CRITICAL WARNING: [Common 17-55] 'set_property' expects at least one object. [C:/Users/cmrnn/Desktop/Source and Constraint Files/constraint/Nexys4_DDR_chu.xdc:31]
Resolution: If [get_<value>] was used to populate the object, check to make sure this command returns at least one valid object.
WARNING: [Vivado 12-584] No ports matched 'sw[9]'. [C:/Users/cmrnn/Desktop/Source and Constraint Files/constraint/Nexys4_DDR_chu.xdc:32]
CRITICAL WARNING: [Common 17-55] 'set_property' expects at least one object. [C:/Users/cmrnn/Desktop/Source and Constraint Files/constraint/Nexys4_DDR_chu.xdc:32]
Resolution: If [get_<value>] was used to populate the object, check to make sure this command returns at least one valid object.
WARNING: [Vivado 12-584] No ports matched 'sw[10]'. [C:/Users/cmrnn/Desktop/Source and Constraint Files/constraint/Nexys4_DDR_chu.xdc:33]
CRITICAL WARNING: [Common 17-55] 'set_property' expects at least one object. [C:/Users/cmrnn/Desktop/Source and Constraint Files/constraint/Nexys4_DDR_chu.xdc:33]
Resolution: If [get_<value>] was used to populate the object, check to make sure this command returns at least one valid object.
WARNING: [Vivado 12-584] No ports matched 'sw[11]'. [C:/Users/cmrnn/Desktop/Source and Constraint Files/constraint/Nexys4_DDR_chu.xdc:34]
CRITICAL WARNING: [Common 17-55] 'set_property' expects at least one object. [C:/Users/cmrnn/Desktop/Source and Constraint Files/constraint/Nexys4_DDR_chu.xdc:34]
Resolution: If [get_<value>] was used to populate the object, check to make sure this command returns at least one valid object.
WARNING: [Vivado 12-584] No ports matched 'sw[12]'. [C:/Users/cmrnn/Desktop/Source and Constraint Files/constraint/Nexys4_DDR_chu.xdc:35]
CRITICAL WARNING: [Common 17-55] 'set_property' expects at least one object. [C:/Users/cmrnn/Desktop/Source and Constraint Files/constraint/Nexys4_DDR_chu.xdc:35]
Resolution: If [get_<value>] was used to populate the object, check to make sure this command returns at least one valid object.
WARNING: [Vivado 12-584] No ports matched 'sw[13]'. [C:/Users/cmrnn/Desktop/Source and Constraint Files/constraint/Nexys4_DDR_chu.xdc:36]
CRITICAL WARNING: [Common 17-55] 'set_property' expects at least one object. [C:/Users/cmrnn/Desktop/Source and Constraint Files/constraint/Nexys4_DDR_chu.xdc:36]
Resolution: If [get_<value>] was used to populate the object, check to make sure this command returns at least one valid object.
WARNING: [Vivado 12-584] No ports matched 'sw[14]'. [C:/Users/cmrnn/Desktop/Source and Constraint Files/constraint/Nexys4_DDR_chu.xdc:37]
CRITICAL WARNING: [Common 17-55] 'set_property' expects at least one object. [C:/Users/cmrnn/Desktop/Source and Constraint Files/constraint/Nexys4_DDR_chu.xdc:37]
Resolution: If [get_<value>] was used to populate the object, check to make sure this command returns at least one valid object.
WARNING: [Vivado 12-584] No ports matched 'sw[15]'. [C:/Users/cmrnn/Desktop/Source and Constraint Files/constraint/Nexys4_DDR_chu.xdc:38]
CRITICAL WARNING: [Common 17-55] 'set_property' expects at least one object. [C:/Users/cmrnn/Desktop/Source and Constraint Files/constraint/Nexys4_DDR_chu.xdc:38]
Resolution: If [get_<value>] was used to populate the object, check to make sure this command returns at least one valid object.
WARNING: [Vivado 12-584] No ports matched 'reset_n'. [C:/Users/cmrnn/Desktop/Source and Constraint Files/constraint/Nexys4_DDR_chu.xdc:44]
CRITICAL WARNING: [Common 17-55] 'set_property' expects at least one object. [C:/Users/cmrnn/Desktop/Source and Constraint Files/constraint/Nexys4_DDR_chu.xdc:44]
Resolution: If [get_<value>] was used to populate the object, check to make sure this command returns at least one valid object.
WARNING: [Vivado 12-584] No ports matched 'btn[4]'. [C:/Users/cmrnn/Desktop/Source and Constraint Files/constraint/Nexys4_DDR_chu.xdc:47]
CRITICAL WARNING: [Common 17-55] 'set_property' expects at least one object. [C:/Users/cmrnn/Desktop/Source and Constraint Files/constraint/Nexys4_DDR_chu.xdc:47]
Resolution: If [get_<value>] was used to populate the object, check to make sure this command returns at least one valid object.
WARNING: [Vivado 12-584] No ports matched 'btn[0]'. [C:/Users/cmrnn/Desktop/Source and Constraint Files/constraint/Nexys4_DDR_chu.xdc:48]
CRITICAL WARNING: [Common 17-55] 'set_property' expects at least one object. [C:/Users/cmrnn/Desktop/Source and Constraint Files/constraint/Nexys4_DDR_chu.xdc:48]
Resolution: If [get_<value>] was used to populate the object, check to make sure this command returns at least one valid object.
WARNING: [Vivado 12-584] No ports matched 'btn[3]'. [C:/Users/cmrnn/Desktop/Source and Constraint Files/constraint/Nexys4_DDR_chu.xdc:49]
CRITICAL WARNING: [Common 17-55] 'set_property' expects at least one object. [C:/Users/cmrnn/Desktop/Source and Constraint Files/constraint/Nexys4_DDR_chu.xdc:49]
Resolution: If [get_<value>] was used to populate the object, check to make sure this command returns at least one valid object.
WARNING: [Vivado 12-584] No ports matched 'btn[1]'. [C:/Users/cmrnn/Desktop/Source and Constraint Files/constraint/Nexys4_DDR_chu.xdc:50]
CRITICAL WARNING: [Common 17-55] 'set_property' expects at least one object. [C:/Users/cmrnn/Desktop/Source and Constraint Files/constraint/Nexys4_DDR_chu.xdc:50]
Resolution: If [get_<value>] was used to populate the object, check to make sure this command returns at least one valid object.
WARNING: [Vivado 12-584] No ports matched 'btn[2]'. [C:/Users/cmrnn/Desktop/Source and Constraint Files/constraint/Nexys4_DDR_chu.xdc:51]
CRITICAL WARNING: [Common 17-55] 'set_property' expects at least one object. [C:/Users/cmrnn/Desktop/Source and Constraint Files/constraint/Nexys4_DDR_chu.xdc:51]
Resolution: If [get_<value>] was used to populate the object, check to make sure this command returns at least one valid object.
WARNING: [Vivado 12-584] No ports matched 'led[0]'. [C:/Users/cmrnn/Desktop/Source and Constraint Files/constraint/Nexys4_DDR_chu.xdc:56]
CRITICAL WARNING: [Common 17-55] 'set_property' expects at least one object. [C:/Users/cmrnn/Desktop/Source and Constraint Files/constraint/Nexys4_DDR_chu.xdc:56]
Resolution: If [get_<value>] was used to populate the object, check to make sure this command returns at least one valid object.
WARNING: [Vivado 12-584] No ports matched 'led[1]'. [C:/Users/cmrnn/Desktop/Source and Constraint Files/constraint/Nexys4_DDR_chu.xdc:57]
CRITICAL WARNING: [Common 17-55] 'set_property' expects at least one object. [C:/Users/cmrnn/Desktop/Source and Constraint Files/constraint/Nexys4_DDR_chu.xdc:57]
Resolution: If [get_<value>] was used to populate the object, check to make sure this command returns at least one valid object.
WARNING: [Vivado 12-584] No ports matched 'led[2]'. [C:/Users/cmrnn/Desktop/Source and Constraint Files/constraint/Nexys4_DDR_chu.xdc:58]
CRITICAL WARNING: [Common 17-55] 'set_property' expects at least one object. [C:/Users/cmrnn/Desktop/Source and Constraint Files/constraint/Nexys4_DDR_chu.xdc:58]
Resolution: If [get_<value>] was used to populate the object, check to make sure this command returns at least one valid object.
WARNING: [Vivado 12-584] No ports matched 'led[3]'. [C:/Users/cmrnn/Desktop/Source and Constraint Files/constraint/Nexys4_DDR_chu.xdc:59]
CRITICAL WARNING: [Common 17-55] 'set_property' expects at least one object. [C:/Users/cmrnn/Desktop/Source and Constraint Files/constraint/Nexys4_DDR_chu.xdc:59]
Resolution: If [get_<value>] was used to populate the object, check to make sure this command returns at least one valid object.
WARNING: [Vivado 12-584] No ports matched 'led[4]'. [C:/Users/cmrnn/Desktop/Source and Constraint Files/constraint/Nexys4_DDR_chu.xdc:60]
CRITICAL WARNING: [Common 17-55] 'set_property' expects at least one object. [C:/Users/cmrnn/Desktop/Source and Constraint Files/constraint/Nexys4_DDR_chu.xdc:60]
Resolution: If [get_<value>] was used to populate the object, check to make sure this command returns at least one valid object.
WARNING: [Vivado 12-584] No ports matched 'led[5]'. [C:/Users/cmrnn/Desktop/Source and Constraint Files/constraint/Nexys4_DDR_chu.xdc:61]
CRITICAL WARNING: [Common 17-55] 'set_property' expects at least one object. [C:/Users/cmrnn/Desktop/Source and Constraint Files/constraint/Nexys4_DDR_chu.xdc:61]
Resolution: If [get_<value>] was used to populate the object, check to make sure this command returns at least one valid object.
WARNING: [Vivado 12-584] No ports matched 'led[6]'. [C:/Users/cmrnn/Desktop/Source and Constraint Files/constraint/Nexys4_DDR_chu.xdc:62]
CRITICAL WARNING: [Common 17-55] 'set_property' expects at least one object. [C:/Users/cmrnn/Desktop/Source and Constraint Files/constraint/Nexys4_DDR_chu.xdc:62]
Resolution: If [get_<value>] was used to populate the object, check to make sure this command returns at least one valid object.
WARNING: [Vivado 12-584] No ports matched 'led[7]'. [C:/Users/cmrnn/Desktop/Source and Constraint Files/constraint/Nexys4_DDR_chu.xdc:63]
CRITICAL WARNING: [Common 17-55] 'set_property' expects at least one object. [C:/Users/cmrnn/Desktop/Source and Constraint Files/constraint/Nexys4_DDR_chu.xdc:63]
Resolution: If [get_<value>] was used to populate the object, check to make sure this command returns at least one valid object.
WARNING: [Vivado 12-584] No ports matched 'led[8]'. [C:/Users/cmrnn/Desktop/Source and Constraint Files/constraint/Nexys4_DDR_chu.xdc:64]
CRITICAL WARNING: [Common 17-55] 'set_property' expects at least one object. [C:/Users/cmrnn/Desktop/Source and Constraint Files/constraint/Nexys4_DDR_chu.xdc:64]
Resolution: If [get_<value>] was used to populate the object, check to make sure this command returns at least one valid object.
WARNING: [Vivado 12-584] No ports matched 'led[9]'. [C:/Users/cmrnn/Desktop/Source and Constraint Files/constraint/Nexys4_DDR_chu.xdc:65]
CRITICAL WARNING: [Common 17-55] 'set_property' expects at least one object. [C:/Users/cmrnn/Desktop/Source and Constraint Files/constraint/Nexys4_DDR_chu.xdc:65]
Resolution: If [get_<value>] was used to populate the object, check to make sure this command returns at least one valid object.
WARNING: [Vivado 12-584] No ports matched 'led[10]'. [C:/Users/cmrnn/Desktop/Source and Constraint Files/constraint/Nexys4_DDR_chu.xdc:66]
CRITICAL WARNING: [Common 17-55] 'set_property' expects at least one object. [C:/Users/cmrnn/Desktop/Source and Constraint Files/constraint/Nexys4_DDR_chu.xdc:66]
Resolution: If [get_<value>] was used to populate the object, check to make sure this command returns at least one valid object.
WARNING: [Vivado 12-584] No ports matched 'led[11]'. [C:/Users/cmrnn/Desktop/Source and Constraint Files/constraint/Nexys4_DDR_chu.xdc:67]
CRITICAL WARNING: [Common 17-55] 'set_property' expects at least one object. [C:/Users/cmrnn/Desktop/Source and Constraint Files/constraint/Nexys4_DDR_chu.xdc:67]
Resolution: If [get_<value>] was used to populate the object, check to make sure this command returns at least one valid object.
WARNING: [Vivado 12-584] No ports matched 'led[12]'. [C:/Users/cmrnn/Desktop/Source and Constraint Files/constraint/Nexys4_DDR_chu.xdc:68]
CRITICAL WARNING: [Common 17-55] 'set_property' expects at least one object. [C:/Users/cmrnn/Desktop/Source and Constraint Files/constraint/Nexys4_DDR_chu.xdc:68]
Resolution: If [get_<value>] was used to populate the object, check to make sure this command returns at least one valid object.
WARNING: [Vivado 12-584] No ports matched 'led[13]'. [C:/Users/cmrnn/Desktop/Source and Constraint Files/constraint/Nexys4_DDR_chu.xdc:69]
CRITICAL WARNING: [Common 17-55] 'set_property' expects at least one object. [C:/Users/cmrnn/Desktop/Source and Constraint Files/constraint/Nexys4_DDR_chu.xdc:69]
Resolution: If [get_<value>] was used to populate the object, check to make sure this command returns at least one valid object.
WARNING: [Vivado 12-584] No ports matched 'led[14]'. [C:/Users/cmrnn/Desktop/Source and Constraint Files/constraint/Nexys4_DDR_chu.xdc:70]
CRITICAL WARNING: [Common 17-55] 'set_property' expects at least one object. [C:/Users/cmrnn/Desktop/Source and Constraint Files/constraint/Nexys4_DDR_chu.xdc:70]
Resolution: If [get_<value>] was used to populate the object, check to make sure this command returns at least one valid object.
WARNING: [Vivado 12-584] No ports matched 'led[15]'. [C:/Users/cmrnn/Desktop/Source and Constraint Files/constraint/Nexys4_DDR_chu.xdc:71]
CRITICAL WARNING: [Common 17-55] 'set_property' expects at least one object. [C:/Users/cmrnn/Desktop/Source and Constraint Files/constraint/Nexys4_DDR_chu.xdc:71]
Resolution: If [get_<value>] was used to populate the object, check to make sure this command returns at least one valid object.
WARNING: [Vivado 12-584] No ports matched 'rgb_led1[0]'. [C:/Users/cmrnn/Desktop/Source and Constraint Files/constraint/Nexys4_DDR_chu.xdc:76]
CRITICAL WARNING: [Common 17-55] 'set_property' expects at least one object. [C:/Users/cmrnn/Desktop/Source and Constraint Files/constraint/Nexys4_DDR_chu.xdc:76]
Resolution: If [get_<value>] was used to populate the object, check to make sure this command returns at least one valid object.
WARNING: [Vivado 12-584] No ports matched 'rgb_led1[1]'. [C:/Users/cmrnn/Desktop/Source and Constraint Files/constraint/Nexys4_DDR_chu.xdc:77]
CRITICAL WARNING: [Common 17-55] 'set_property' expects at least one object. [C:/Users/cmrnn/Desktop/Source and Constraint Files/constraint/Nexys4_DDR_chu.xdc:77]
Resolution: If [get_<value>] was used to populate the object, check to make sure this command returns at least one valid object.
WARNING: [Vivado 12-584] No ports matched 'rgb_led1[2]'. [C:/Users/cmrnn/Desktop/Source and Constraint Files/constraint/Nexys4_DDR_chu.xdc:78]
CRITICAL WARNING: [Common 17-55] 'set_property' expects at least one object. [C:/Users/cmrnn/Desktop/Source and Constraint Files/constraint/Nexys4_DDR_chu.xdc:78]
Resolution: If [get_<value>] was used to populate the object, check to make sure this command returns at least one valid object.
WARNING: [Vivado 12-584] No ports matched 'rgb_led2[0]'. [C:/Users/cmrnn/Desktop/Source and Constraint Files/constraint/Nexys4_DDR_chu.xdc:79]
CRITICAL WARNING: [Common 17-55] 'set_property' expects at least one object. [C:/Users/cmrnn/Desktop/Source and Constraint Files/constraint/Nexys4_DDR_chu.xdc:79]
Resolution: If [get_<value>] was used to populate the object, check to make sure this command returns at least one valid object.
WARNING: [Vivado 12-584] No ports matched 'rgb_led2[1]'. [C:/Users/cmrnn/Desktop/Source and Constraint Files/constraint/Nexys4_DDR_chu.xdc:80]
CRITICAL WARNING: [Common 17-55] 'set_property' expects at least one object. [C:/Users/cmrnn/Desktop/Source and Constraint Files/constraint/Nexys4_DDR_chu.xdc:80]
Resolution: If [get_<value>] was used to populate the object, check to make sure this command returns at least one valid object.
WARNING: [Vivado 12-584] No ports matched 'rgb_led2[2]'. [C:/Users/cmrnn/Desktop/Source and Constraint Files/constraint/Nexys4_DDR_chu.xdc:81]
CRITICAL WARNING: [Common 17-55] 'set_property' expects at least one object. [C:/Users/cmrnn/Desktop/Source and Constraint Files/constraint/Nexys4_DDR_chu.xdc:81]
Resolution: If [get_<value>] was used to populate the object, check to make sure this command returns at least one valid object.
WARNING: [Vivado 12-584] No ports matched 'sseg[0]'. [C:/Users/cmrnn/Desktop/Source and Constraint Files/constraint/Nexys4_DDR_chu.xdc:86]
CRITICAL WARNING: [Common 17-55] 'set_property' expects at least one object. [C:/Users/cmrnn/Desktop/Source and Constraint Files/constraint/Nexys4_DDR_chu.xdc:86]
Resolution: If [get_<value>] was used to populate the object, check to make sure this command returns at least one valid object.
WARNING: [Vivado 12-584] No ports matched 'sseg[1]'. [C:/Users/cmrnn/Desktop/Source and Constraint Files/constraint/Nexys4_DDR_chu.xdc:87]
CRITICAL WARNING: [Common 17-55] 'set_property' expects at least one object. [C:/Users/cmrnn/Desktop/Source and Constraint Files/constraint/Nexys4_DDR_chu.xdc:87]
Resolution: If [get_<value>] was used to populate the object, check to make sure this command returns at least one valid object.
WARNING: [Vivado 12-584] No ports matched 'sseg[2]'. [C:/Users/cmrnn/Desktop/Source and Constraint Files/constraint/Nexys4_DDR_chu.xdc:88]
CRITICAL WARNING: [Common 17-55] 'set_property' expects at least one object. [C:/Users/cmrnn/Desktop/Source and Constraint Files/constraint/Nexys4_DDR_chu.xdc:88]
Resolution: If [get_<value>] was used to populate the object, check to make sure this command returns at least one valid object.
WARNING: [Vivado 12-584] No ports matched 'sseg[3]'. [C:/Users/cmrnn/Desktop/Source and Constraint Files/constraint/Nexys4_DDR_chu.xdc:89]
CRITICAL WARNING: [Common 17-55] 'set_property' expects at least one object. [C:/Users/cmrnn/Desktop/Source and Constraint Files/constraint/Nexys4_DDR_chu.xdc:89]
Resolution: If [get_<value>] was used to populate the object, check to make sure this command returns at least one valid object.
WARNING: [Vivado 12-584] No ports matched 'sseg[4]'. [C:/Users/cmrnn/Desktop/Source and Constraint Files/constraint/Nexys4_DDR_chu.xdc:90]
CRITICAL WARNING: [Common 17-55] 'set_property' expects at least one object. [C:/Users/cmrnn/Desktop/Source and Constraint Files/constraint/Nexys4_DDR_chu.xdc:90]
Resolution: If [get_<value>] was used to populate the object, check to make sure this command returns at least one valid object.
WARNING: [Vivado 12-584] No ports matched 'sseg[5]'. [C:/Users/cmrnn/Desktop/Source and Constraint Files/constraint/Nexys4_DDR_chu.xdc:91]
CRITICAL WARNING: [Common 17-55] 'set_property' expects at least one object. [C:/Users/cmrnn/Desktop/Source and Constraint Files/constraint/Nexys4_DDR_chu.xdc:91]
Resolution: If [get_<value>] was used to populate the object, check to make sure this command returns at least one valid object.
WARNING: [Vivado 12-584] No ports matched 'sseg[6]'. [C:/Users/cmrnn/Desktop/Source and Constraint Files/constraint/Nexys4_DDR_chu.xdc:92]
CRITICAL WARNING: [Common 17-55] 'set_property' expects at least one object. [C:/Users/cmrnn/Desktop/Source and Constraint Files/constraint/Nexys4_DDR_chu.xdc:92]
Resolution: If [get_<value>] was used to populate the object, check to make sure this command returns at least one valid object.
WARNING: [Vivado 12-584] No ports matched 'sseg[7]'. [C:/Users/cmrnn/Desktop/Source and Constraint Files/constraint/Nexys4_DDR_chu.xdc:94]
CRITICAL WARNING: [Common 17-55] 'set_property' expects at least one object. [C:/Users/cmrnn/Desktop/Source and Constraint Files/constraint/Nexys4_DDR_chu.xdc:94]
Resolution: If [get_<value>] was used to populate the object, check to make sure this command returns at least one valid object.
WARNING: [Vivado 12-584] No ports matched 'an[0]'. [C:/Users/cmrnn/Desktop/Source and Constraint Files/constraint/Nexys4_DDR_chu.xdc:96]
CRITICAL WARNING: [Common 17-55] 'set_property' expects at least one object. [C:/Users/cmrnn/Desktop/Source and Constraint Files/constraint/Nexys4_DDR_chu.xdc:96]
Resolution: If [get_<value>] was used to populate the object, check to make sure this command returns at least one valid object.
WARNING: [Vivado 12-584] No ports matched 'an[1]'. [C:/Users/cmrnn/Desktop/Source and Constraint Files/constraint/Nexys4_DDR_chu.xdc:97]
CRITICAL WARNING: [Common 17-55] 'set_property' expects at least one object. [C:/Users/cmrnn/Desktop/Source and Constraint Files/constraint/Nexys4_DDR_chu.xdc:97]
Resolution: If [get_<value>] was used to populate the object, check to make sure this command returns at least one valid object.
WARNING: [Vivado 12-584] No ports matched 'an[2]'. [C:/Users/cmrnn/Desktop/Source and Constraint Files/constraint/Nexys4_DDR_chu.xdc:98]
CRITICAL WARNING: [Common 17-55] 'set_property' expects at least one object. [C:/Users/cmrnn/Desktop/Source and Constraint Files/constraint/Nexys4_DDR_chu.xdc:98]
Resolution: If [get_<value>] was used to populate the object, check to make sure this command returns at least one valid object.
WARNING: [Vivado 12-584] No ports matched 'an[3]'. [C:/Users/cmrnn/Desktop/Source and Constraint Files/constraint/Nexys4_DDR_chu.xdc:99]
CRITICAL WARNING: [Common 17-55] 'set_property' expects at least one object. [C:/Users/cmrnn/Desktop/Source and Constraint Files/constraint/Nexys4_DDR_chu.xdc:99]
Resolution: If [get_<value>] was used to populate the object, check to make sure this command returns at least one valid object.
WARNING: [Vivado 12-584] No ports matched 'an[4]'. [C:/Users/cmrnn/Desktop/Source and Constraint Files/constraint/Nexys4_DDR_chu.xdc:100]
CRITICAL WARNING: [Common 17-55] 'set_property' expects at least one object. [C:/Users/cmrnn/Desktop/Source and Constraint Files/constraint/Nexys4_DDR_chu.xdc:100]
Resolution: If [get_<value>] was used to populate the object, check to make sure this command returns at least one valid object.
WARNING: [Vivado 12-584] No ports matched 'an[5]'. [C:/Users/cmrnn/Desktop/Source and Constraint Files/constraint/Nexys4_DDR_chu.xdc:101]
CRITICAL WARNING: [Common 17-55] 'set_property' expects at least one object. [C:/Users/cmrnn/Desktop/Source and Constraint Files/constraint/Nexys4_DDR_chu.xdc:101]
Resolution: If [get_<value>] was used to populate the object, check to make sure this command returns at least one valid object.
WARNING: [Vivado 12-584] No ports matched 'an[6]'. [C:/Users/cmrnn/Desktop/Source and Constraint Files/constraint/Nexys4_DDR_chu.xdc:102]
CRITICAL WARNING: [Common 17-55] 'set_property' expects at least one object. [C:/Users/cmrnn/Desktop/Source and Constraint Files/constraint/Nexys4_DDR_chu.xdc:102]
Resolution: If [get_<value>] was used to populate the object, check to make sure this command returns at least one valid object.
WARNING: [Vivado 12-584] No ports matched 'an[7]'. [C:/Users/cmrnn/Desktop/Source and Constraint Files/constraint/Nexys4_DDR_chu.xdc:103]
CRITICAL WARNING: [Common 17-55] 'set_property' expects at least one object. [C:/Users/cmrnn/Desktop/Source and Constraint Files/constraint/Nexys4_DDR_chu.xdc:103]
Resolution: If [get_<value>] was used to populate the object, check to make sure this command returns at least one valid object.
WARNING: [Vivado 12-584] No ports matched 'audio_pdm'. [C:/Users/cmrnn/Desktop/Source and Constraint Files/constraint/Nexys4_DDR_chu.xdc:109]
CRITICAL WARNING: [Common 17-55] 'set_property' expects at least one object. [C:/Users/cmrnn/Desktop/Source and Constraint Files/constraint/Nexys4_DDR_chu.xdc:109]
Resolution: If [get_<value>] was used to populate the object, check to make sure this command returns at least one valid object.
WARNING: [Vivado 12-584] No ports matched 'audio_on'. [C:/Users/cmrnn/Desktop/Source and Constraint Files/constraint/Nexys4_DDR_chu.xdc:110]
CRITICAL WARNING: [Common 17-55] 'set_property' expects at least one object. [C:/Users/cmrnn/Desktop/Source and Constraint Files/constraint/Nexys4_DDR_chu.xdc:110]
Resolution: If [get_<value>] was used to populate the object, check to make sure this command returns at least one valid object.
WARNING: [Vivado 12-584] No ports matched 'tx'. [C:/Users/cmrnn/Desktop/Source and Constraint Files/constraint/Nexys4_DDR_chu.xdc:116]
CRITICAL WARNING: [Common 17-55] 'set_property' expects at least one object. [C:/Users/cmrnn/Desktop/Source and Constraint Files/constraint/Nexys4_DDR_chu.xdc:116]
Resolution: If [get_<value>] was used to populate the object, check to make sure this command returns at least one valid object.
WARNING: [Vivado 12-584] No ports matched 'rx'. [C:/Users/cmrnn/Desktop/Source and Constraint Files/constraint/Nexys4_DDR_chu.xdc:117]
CRITICAL WARNING: [Common 17-55] 'set_property' expects at least one object. [C:/Users/cmrnn/Desktop/Source and Constraint Files/constraint/Nexys4_DDR_chu.xdc:117]
Resolution: If [get_<value>] was used to populate the object, check to make sure this command returns at least one valid object.
WARNING: [Vivado 12-584] No ports matched 'ps2c'. [C:/Users/cmrnn/Desktop/Source and Constraint Files/constraint/Nexys4_DDR_chu.xdc:125]
CRITICAL WARNING: [Common 17-55] 'set_property' expects at least one object. [C:/Users/cmrnn/Desktop/Source and Constraint Files/constraint/Nexys4_DDR_chu.xdc:125]
Resolution: If [get_<value>] was used to populate the object, check to make sure this command returns at least one valid object.
WARNING: [Vivado 12-584] No ports matched 'ps2d'. [C:/Users/cmrnn/Desktop/Source and Constraint Files/constraint/Nexys4_DDR_chu.xdc:126]
CRITICAL WARNING: [Common 17-55] 'set_property' expects at least one object. [C:/Users/cmrnn/Desktop/Source and Constraint Files/constraint/Nexys4_DDR_chu.xdc:126]
Resolution: If [get_<value>] was used to populate the object, check to make sure this command returns at least one valid object.
WARNING: [Vivado 12-584] No ports matched 'tmp_i2c_scl'. [C:/Users/cmrnn/Desktop/Source and Constraint Files/constraint/Nexys4_DDR_chu.xdc:133]
CRITICAL WARNING: [Common 17-55] 'set_property' expects at least one object. [C:/Users/cmrnn/Desktop/Source and Constraint Files/constraint/Nexys4_DDR_chu.xdc:133]
Resolution: If [get_<value>] was used to populate the object, check to make sure this command returns at least one valid object.
WARNING: [Vivado 12-584] No ports matched 'tmp_i2c_sda'. [C:/Users/cmrnn/Desktop/Source and Constraint Files/constraint/Nexys4_DDR_chu.xdc:134]
CRITICAL WARNING: [Common 17-55] 'set_property' expects at least one object. [C:/Users/cmrnn/Desktop/Source and Constraint Files/constraint/Nexys4_DDR_chu.xdc:134]
Resolution: If [get_<value>] was used to populate the object, check to make sure this command returns at least one valid object.
WARNING: [Vivado 12-584] No ports matched 'acl_miso'. [C:/Users/cmrnn/Desktop/Source and Constraint Files/constraint/Nexys4_DDR_chu.xdc:144]
CRITICAL WARNING: [Common 17-55] 'set_property' expects at least one object. [C:/Users/cmrnn/Desktop/Source and Constraint Files/constraint/Nexys4_DDR_chu.xdc:144]
Resolution: If [get_<value>] was used to populate the object, check to make sure this command returns at least one valid object.
WARNING: [Vivado 12-584] No ports matched 'acl_mosi'. [C:/Users/cmrnn/Desktop/Source and Constraint Files/constraint/Nexys4_DDR_chu.xdc:145]
CRITICAL WARNING: [Common 17-55] 'set_property' expects at least one object. [C:/Users/cmrnn/Desktop/Source and Constraint Files/constraint/Nexys4_DDR_chu.xdc:145]
Resolution: If [get_<value>] was used to populate the object, check to make sure this command returns at least one valid object.
WARNING: [Vivado 12-584] No ports matched 'acl_sclk'. [C:/Users/cmrnn/Desktop/Source and Constraint Files/constraint/Nexys4_DDR_chu.xdc:146]
CRITICAL WARNING: [Common 17-55] 'set_property' expects at least one object. [C:/Users/cmrnn/Desktop/Source and Constraint Files/constraint/Nexys4_DDR_chu.xdc:146]
Resolution: If [get_<value>] was used to populate the object, check to make sure this command returns at least one valid object.
WARNING: [Vivado 12-584] No ports matched 'acl_ss_n'. [C:/Users/cmrnn/Desktop/Source and Constraint Files/constraint/Nexys4_DDR_chu.xdc:147]
CRITICAL WARNING: [Common 17-55] 'set_property' expects at least one object. [C:/Users/cmrnn/Desktop/Source and Constraint Files/constraint/Nexys4_DDR_chu.xdc:147]
Resolution: If [get_<value>] was used to populate the object, check to make sure this command returns at least one valid object.
WARNING: [Vivado 12-584] No ports matched 'hsync'. [C:/Users/cmrnn/Desktop/Source and Constraint Files/constraint/Nexys4_DDR_chu.xdc:156]
CRITICAL WARNING: [Common 17-55] 'set_property' expects at least one object. [C:/Users/cmrnn/Desktop/Source and Constraint Files/constraint/Nexys4_DDR_chu.xdc:156]
Resolution: If [get_<value>] was used to populate the object, check to make sure this command returns at least one valid object.
WARNING: [Vivado 12-584] No ports matched 'vsync'. [C:/Users/cmrnn/Desktop/Source and Constraint Files/constraint/Nexys4_DDR_chu.xdc:157]
CRITICAL WARNING: [Common 17-55] 'set_property' expects at least one object. [C:/Users/cmrnn/Desktop/Source and Constraint Files/constraint/Nexys4_DDR_chu.xdc:157]
Resolution: If [get_<value>] was used to populate the object, check to make sure this command returns at least one valid object.
WARNING: [Vivado 12-584] No ports matched 'rgb[8]'. [C:/Users/cmrnn/Desktop/Source and Constraint Files/constraint/Nexys4_DDR_chu.xdc:158]
CRITICAL WARNING: [Common 17-55] 'set_property' expects at least one object. [C:/Users/cmrnn/Desktop/Source and Constraint Files/constraint/Nexys4_DDR_chu.xdc:158]
Resolution: If [get_<value>] was used to populate the object, check to make sure this command returns at least one valid object.
WARNING: [Vivado 12-584] No ports matched 'rgb[9]'. [C:/Users/cmrnn/Desktop/Source and Constraint Files/constraint/Nexys4_DDR_chu.xdc:159]
CRITICAL WARNING: [Common 17-55] 'set_property' expects at least one object. [C:/Users/cmrnn/Desktop/Source and Constraint Files/constraint/Nexys4_DDR_chu.xdc:159]
Resolution: If [get_<value>] was used to populate the object, check to make sure this command returns at least one valid object.
WARNING: [Vivado 12-584] No ports matched 'rgb[10]'. [C:/Users/cmrnn/Desktop/Source and Constraint Files/constraint/Nexys4_DDR_chu.xdc:160]
CRITICAL WARNING: [Common 17-55] 'set_property' expects at least one object. [C:/Users/cmrnn/Desktop/Source and Constraint Files/constraint/Nexys4_DDR_chu.xdc:160]
Resolution: If [get_<value>] was used to populate the object, check to make sure this command returns at least one valid object.
WARNING: [Vivado 12-584] No ports matched 'rgb[11]'. [C:/Users/cmrnn/Desktop/Source and Constraint Files/constraint/Nexys4_DDR_chu.xdc:161]
CRITICAL WARNING: [Common 17-55] 'set_property' expects at least one object. [C:/Users/cmrnn/Desktop/Source and Constraint Files/constraint/Nexys4_DDR_chu.xdc:161]
Resolution: If [get_<value>] was used to populate the object, check to make sure this command returns at least one valid object.
WARNING: [Vivado 12-584] No ports matched 'rgb[4]'. [C:/Users/cmrnn/Desktop/Source and Constraint Files/constraint/Nexys4_DDR_chu.xdc:162]
CRITICAL WARNING: [Common 17-55] 'set_property' expects at least one object. [C:/Users/cmrnn/Desktop/Source and Constraint Files/constraint/Nexys4_DDR_chu.xdc:162]
Resolution: If [get_<value>] was used to populate the object, check to make sure this command returns at least one valid object.
WARNING: [Vivado 12-584] No ports matched 'rgb[5]'. [C:/Users/cmrnn/Desktop/Source and Constraint Files/constraint/Nexys4_DDR_chu.xdc:163]
CRITICAL WARNING: [Common 17-55] 'set_property' expects at least one object. [C:/Users/cmrnn/Desktop/Source and Constraint Files/constraint/Nexys4_DDR_chu.xdc:163]
Resolution: If [get_<value>] was used to populate the object, check to make sure this command returns at least one valid object.
WARNING: [Vivado 12-584] No ports matched 'rgb[6]'. [C:/Users/cmrnn/Desktop/Source and Constraint Files/constraint/Nexys4_DDR_chu.xdc:164]
CRITICAL WARNING: [Common 17-55] 'set_property' expects at least one object. [C:/Users/cmrnn/Desktop/Source and Constraint Files/constraint/Nexys4_DDR_chu.xdc:164]
Resolution: If [get_<value>] was used to populate the object, check to make sure this command returns at least one valid object.
WARNING: [Vivado 12-584] No ports matched 'rgb[7]'. [C:/Users/cmrnn/Desktop/Source and Constraint Files/constraint/Nexys4_DDR_chu.xdc:165]
CRITICAL WARNING: [Common 17-55] 'set_property' expects at least one object. [C:/Users/cmrnn/Desktop/Source and Constraint Files/constraint/Nexys4_DDR_chu.xdc:165]
Resolution: If [get_<value>] was used to populate the object, check to make sure this command returns at least one valid object.
WARNING: [Vivado 12-584] No ports matched 'rgb[0]'. [C:/Users/cmrnn/Desktop/Source and Constraint Files/constraint/Nexys4_DDR_chu.xdc:166]
CRITICAL WARNING: [Common 17-55] 'set_property' expects at least one object. [C:/Users/cmrnn/Desktop/Source and Constraint Files/constraint/Nexys4_DDR_chu.xdc:166]
Resolution: If [get_<value>] was used to populate the object, check to make sure this command returns at least one valid object.
WARNING: [Vivado 12-584] No ports matched 'rgb[1]'. [C:/Users/cmrnn/Desktop/Source and Constraint Files/constraint/Nexys4_DDR_chu.xdc:167]
CRITICAL WARNING: [Common 17-55] 'set_property' expects at least one object. [C:/Users/cmrnn/Desktop/Source and Constraint Files/constraint/Nexys4_DDR_chu.xdc:167]
Resolution: If [get_<value>] was used to populate the object, check to make sure this command returns at least one valid object.
WARNING: [Vivado 12-584] No ports matched 'rgb[2]'. [C:/Users/cmrnn/Desktop/Source and Constraint Files/constraint/Nexys4_DDR_chu.xdc:168]
CRITICAL WARNING: [Common 17-55] 'set_property' expects at least one object. [C:/Users/cmrnn/Desktop/Source and Constraint Files/constraint/Nexys4_DDR_chu.xdc:168]
Resolution: If [get_<value>] was used to populate the object, check to make sure this command returns at least one valid object.
WARNING: [Vivado 12-584] No ports matched 'rgb[3]'. [C:/Users/cmrnn/Desktop/Source and Constraint Files/constraint/Nexys4_DDR_chu.xdc:169]
CRITICAL WARNING: [Common 17-55] 'set_property' expects at least one object. [C:/Users/cmrnn/Desktop/Source and Constraint Files/constraint/Nexys4_DDR_chu.xdc:169]
Resolution: If [get_<value>] was used to populate the object, check to make sure this command returns at least one valid object.
WARNING: [Vivado 12-584] No ports matched 'sd_reset'. [C:/Users/cmrnn/Desktop/Source and Constraint Files/constraint/Nexys4_DDR_chu.xdc:174]
CRITICAL WARNING: [Common 17-55] 'set_property' expects at least one object. [C:/Users/cmrnn/Desktop/Source and Constraint Files/constraint/Nexys4_DDR_chu.xdc:174]
Resolution: If [get_<value>] was used to populate the object, check to make sure this command returns at least one valid object.
WARNING: [Vivado 12-584] No ports matched 'sd_sclk'. [C:/Users/cmrnn/Desktop/Source and Constraint Files/constraint/Nexys4_DDR_chu.xdc:175]
CRITICAL WARNING: [Common 17-55] 'set_property' expects at least one object. [C:/Users/cmrnn/Desktop/Source and Constraint Files/constraint/Nexys4_DDR_chu.xdc:175]
Resolution: If [get_<value>] was used to populate the object, check to make sure this command returns at least one valid object.
WARNING: [Vivado 12-584] No ports matched 'sd_mosi'. [C:/Users/cmrnn/Desktop/Source and Constraint Files/constraint/Nexys4_DDR_chu.xdc:176]
CRITICAL WARNING: [Common 17-55] 'set_property' expects at least one object. [C:/Users/cmrnn/Desktop/Source and Constraint Files/constraint/Nexys4_DDR_chu.xdc:176]
Resolution: If [get_<value>] was used to populate the object, check to make sure this command returns at least one valid object.
WARNING: [Vivado 12-584] No ports matched 'sd_miso'. [C:/Users/cmrnn/Desktop/Source and Constraint Files/constraint/Nexys4_DDR_chu.xdc:177]
CRITICAL WARNING: [Common 17-55] 'set_property' expects at least one object. [C:/Users/cmrnn/Desktop/Source and Constraint Files/constraint/Nexys4_DDR_chu.xdc:177]
Resolution: If [get_<value>] was used to populate the object, check to make sure this command returns at least one valid object.
WARNING: [Vivado 12-584] No ports matched 'sd_ss_n'. [C:/Users/cmrnn/Desktop/Source and Constraint Files/constraint/Nexys4_DDR_chu.xdc:180]
CRITICAL WARNING: [Common 17-55] 'set_property' expects at least one object. [C:/Users/cmrnn/Desktop/Source and Constraint Files/constraint/Nexys4_DDR_chu.xdc:180]
Resolution: If [get_<value>] was used to populate the object, check to make sure this command returns at least one valid object.
WARNING: [Vivado 12-584] No ports matched 'adc_n[0]'. [C:/Users/cmrnn/Desktop/Source and Constraint Files/constraint/Nexys4_DDR_chu.xdc:207]
CRITICAL WARNING: [Common 17-55] 'set_property' expects at least one object. [C:/Users/cmrnn/Desktop/Source and Constraint Files/constraint/Nexys4_DDR_chu.xdc:207]
Resolution: If [get_<value>] was used to populate the object, check to make sure this command returns at least one valid object.
WARNING: [Vivado 12-584] No ports matched 'adc_p[0]'. [C:/Users/cmrnn/Desktop/Source and Constraint Files/constraint/Nexys4_DDR_chu.xdc:208]
CRITICAL WARNING: [Common 17-55] 'set_property' expects at least one object. [C:/Users/cmrnn/Desktop/Source and Constraint Files/constraint/Nexys4_DDR_chu.xdc:208]
Resolution: If [get_<value>] was used to populate the object, check to make sure this command returns at least one valid object.
WARNING: [Vivado 12-584] No ports matched 'adc_n[1]'. [C:/Users/cmrnn/Desktop/Source and Constraint Files/constraint/Nexys4_DDR_chu.xdc:209]
CRITICAL WARNING: [Common 17-55] 'set_property' expects at least one object. [C:/Users/cmrnn/Desktop/Source and Constraint Files/constraint/Nexys4_DDR_chu.xdc:209]
Resolution: If [get_<value>] was used to populate the object, check to make sure this command returns at least one valid object.
WARNING: [Vivado 12-584] No ports matched 'adc_p[1]'. [C:/Users/cmrnn/Desktop/Source and Constraint Files/constraint/Nexys4_DDR_chu.xdc:210]
CRITICAL WARNING: [Common 17-55] 'set_property' expects at least one object. [C:/Users/cmrnn/Desktop/Source and Constraint Files/constraint/Nexys4_DDR_chu.xdc:210]
Resolution: If [get_<value>] was used to populate the object, check to make sure this command returns at least one valid object.
WARNING: [Vivado 12-584] No ports matched 'adc_n[2]'. [C:/Users/cmrnn/Desktop/Source and Constraint Files/constraint/Nexys4_DDR_chu.xdc:211]
CRITICAL WARNING: [Common 17-55] 'set_property' expects at least one object. [C:/Users/cmrnn/Desktop/Source and Constraint Files/constraint/Nexys4_DDR_chu.xdc:211]
Resolution: If [get_<value>] was used to populate the object, check to make sure this command returns at least one valid object.
WARNING: [Vivado 12-584] No ports matched 'adc_p[2]'. [C:/Users/cmrnn/Desktop/Source and Constraint Files/constraint/Nexys4_DDR_chu.xdc:212]
CRITICAL WARNING: [Common 17-55] 'set_property' expects at least one object. [C:/Users/cmrnn/Desktop/Source and Constraint Files/constraint/Nexys4_DDR_chu.xdc:212]
Resolution: If [get_<value>] was used to populate the object, check to make sure this command returns at least one valid object.
WARNING: [Vivado 12-584] No ports matched 'adc_n[3]'. [C:/Users/cmrnn/Desktop/Source and Constraint Files/constraint/Nexys4_DDR_chu.xdc:213]
CRITICAL WARNING: [Common 17-55] 'set_property' expects at least one object. [C:/Users/cmrnn/Desktop/Source and Constraint Files/constraint/Nexys4_DDR_chu.xdc:213]
Resolution: If [get_<value>] was used to populate the object, check to make sure this command returns at least one valid object.
WARNING: [Vivado 12-584] No ports matched 'adc_p[3]'. [C:/Users/cmrnn/Desktop/Source and Constraint Files/constraint/Nexys4_DDR_chu.xdc:214]
CRITICAL WARNING: [Common 17-55] 'set_property' expects at least one object. [C:/Users/cmrnn/Desktop/Source and Constraint Files/constraint/Nexys4_DDR_chu.xdc:214]
Resolution: If [get_<value>] was used to populate the object, check to make sure this command returns at least one valid object.
WARNING: [Vivado 12-584] No ports matched 'ja_top[1]'. [C:/Users/cmrnn/Desktop/Source and Constraint Files/constraint/Nexys4_DDR_chu.xdc:223]
INFO: [Common 17-14] Message 'Vivado 12-584' appears 100 times and further instances of the messages will be disabled. Use the Tcl command set_msg_config to change the current settings. [C:/Users/cmrnn/Desktop/Source and Constraint Files/constraint/Nexys4_DDR_chu.xdc:223]
CRITICAL WARNING: [Common 17-55] 'set_property' expects at least one object. [C:/Users/cmrnn/Desktop/Source and Constraint Files/constraint/Nexys4_DDR_chu.xdc:223]
Resolution: If [get_<value>] was used to populate the object, check to make sure this command returns at least one valid object.
INFO: [Common 17-14] Message 'Common 17-55' appears 100 times and further instances of the messages will be disabled. Use the Tcl command set_msg_config to change the current settings. [C:/Users/cmrnn/Desktop/Source and Constraint Files/constraint/Nexys4_DDR_chu.xdc:223]
Finished Parsing XDC File [C:/Users/cmrnn/Desktop/Source and Constraint Files/constraint/Nexys4_DDR_chu.xdc]
INFO: [Opt 31-138] Pushed 0 inverter(s) to 0 load pin(s).
INFO: [Project 1-111] Unisim Transformation Summary:
No Unisim elements were transformed.

9 Infos, 100 Warnings, 100 Critical Warnings and 0 Errors encountered.
link_design completed successfully
link_design: Time (s): cpu = 00:00:11 ; elapsed = 00:00:24 . Memory (MB): peak = 638.398 ; gain = 333.727
Command: opt_design
Attempting to get a license for feature 'Implementation' and/or device 'xc7a100t'
INFO: [Common 17-349] Got license for feature 'Implementation' and/or device 'xc7a100t'
Running DRC as a precondition to command opt_design

Starting DRC Task
INFO: [DRC 23-27] Running DRC with 2 threads
INFO: [Project 1-461] DRC finished with 0 Errors
INFO: [Project 1-462] Please refer to the DRC report (report_drc) for more information.

Time (s): cpu = 00:00:02 ; elapsed = 00:00:03 . Memory (MB): peak = 650.871 ; gain = 12.473

Starting Cache Timing Information Task
INFO: [Timing 38-35] Done setting XDC timing constraints.
Ending Cache Timing Information Task | Checksum: 2212b08f5

Time (s): cpu = 00:00:21 ; elapsed = 00:00:36 . Memory (MB): peak = 1199.109 ; gain = 548.238

Starting Logic Optimization Task

Phase 1 Retarget
INFO: [Opt 31-138] Pushed 0 inverter(s) to 0 load pin(s).
INFO: [Opt 31-49] Retargeted 0 cell(s).
Phase 1 Retarget | Checksum: 2212b08f5

Time (s): cpu = 00:00:00 ; elapsed = 00:00:00.069 . Memory (MB): peak = 1199.109 ; gain = 0.000
INFO: [Opt 31-389] Phase Retarget created 0 cells and removed 0 cells

Phase 2 Constant propagation
INFO: [Opt 31-138] Pushed 0 inverter(s) to 0 load pin(s).
Phase 2 Constant propagation | Checksum: 2212b08f5

Time (s): cpu = 00:00:00 ; elapsed = 00:00:00.082 . Memory (MB): peak = 1199.109 ; gain = 0.000
INFO: [Opt 31-389] Phase Constant propagation created 0 cells and removed 0 cells

Phase 3 Sweep
Phase 3 Sweep | Checksum: 1f962081f

Time (s): cpu = 00:00:00 ; elapsed = 00:00:00.131 . Memory (MB): peak = 1199.109 ; gain = 0.000
INFO: [Opt 31-389] Phase Sweep created 0 cells and removed 0 cells

Phase 4 BUFG optimization
Phase 4 BUFG optimization | Checksum: 1f962081f

Time (s): cpu = 00:00:00 ; elapsed = 00:00:00.151 . Memory (MB): peak = 1199.109 ; gain = 0.000
INFO: [Opt 31-662] Phase BUFG optimization created 0 cells of which 0 are BUFGs and removed 0 cells.

Phase 5 Shift Register Optimization
Phase 5 Shift Register Optimization | Checksum: 1870b0df9

Time (s): cpu = 00:00:00 ; elapsed = 00:00:00.169 . Memory (MB): peak = 1199.109 ; gain = 0.000
INFO: [Opt 31-389] Phase Shift Register Optimization created 0 cells and removed 0 cells

Phase 6 Post Processing Netlist
Phase 6 Post Processing Netlist | Checksum: 1870b0df9

Time (s): cpu = 00:00:00 ; elapsed = 00:00:00.173 . Memory (MB): peak = 1199.109 ; gain = 0.000
INFO: [Opt 31-389] Phase Post Processing Netlist created 0 cells and removed 0 cells

Starting Connectivity Check Task

Time (s): cpu = 00:00:00 ; elapsed = 00:00:00.003 . Memory (MB): peak = 1199.109 ; gain = 0.000
Ending Logic Optimization Task | Checksum: 1870b0df9

Time (s): cpu = 00:00:00 ; elapsed = 00:00:00.181 . Memory (MB): peak = 1199.109 ; gain = 0.000

Starting Power Optimization Task
INFO: [Pwropt 34-132] Skipping clock gating for clocks with a period < 2.00 ns.
Ending Power Optimization Task | Checksum: 1870b0df9

Time (s): cpu = 00:00:00 ; elapsed = 00:00:00.034 . Memory (MB): peak = 1199.109 ; gain = 0.000

Starting Final Cleanup Task
Ending Final Cleanup Task | Checksum: 1870b0df9

Time (s): cpu = 00:00:00 ; elapsed = 00:00:00 . Memory (MB): peak = 1199.109 ; gain = 0.000
INFO: [Common 17-83] Releasing license: Implementation
25 Infos, 100 Warnings, 100 Critical Warnings and 0 Errors encountered.
opt_design completed successfully
opt_design: Time (s): cpu = 00:00:23 ; elapsed = 00:00:39 . Memory (MB): peak = 1199.109 ; gain = 560.711
INFO: [Timing 38-480] Writing timing data to binary archive.
Writing placer database...
Writing XDEF routing.
Writing XDEF routing logical nets.
Writing XDEF routing special nets.
Write XDEF Complete: Time (s): cpu = 00:00:01 ; elapsed = 00:00:00.060 . Memory (MB): peak = 1199.109 ; gain = 0.000
INFO: [Common 17-1381] The checkpoint 'C:/Users/cmrnn/Desktop/Reaction Timer/Reaction Timer.runs/impl_1/period_counter_opt.dcp' has been generated.
INFO: [runtcl-4] Executing : report_drc -file period_counter_drc_opted.rpt -pb period_counter_drc_opted.pb -rpx period_counter_drc_opted.rpx
Command: report_drc -file period_counter_drc_opted.rpt -pb period_counter_drc_opted.pb -rpx period_counter_drc_opted.rpx
INFO: [IP_Flow 19-234] Refreshing IP repositories
INFO: [IP_Flow 19-1704] No user IP repositories specified
INFO: [IP_Flow 19-2313] Loaded Vivado IP repository 'C:/Xilinx/Vivado/2018.2/data/ip'.
INFO: [DRC 23-27] Running DRC with 2 threads
INFO: [Coretcl 2-168] The results of DRC are in file C:/Users/cmrnn/Desktop/Reaction Timer/Reaction Timer.runs/impl_1/period_counter_drc_opted.rpt.
report_drc completed successfully
report_drc: Time (s): cpu = 00:00:07 ; elapsed = 00:00:09 . Memory (MB): peak = 1199.109 ; gain = 0.000
Command: place_design
Attempting to get a license for feature 'Implementation' and/or device 'xc7a100t'
INFO: [Common 17-349] Got license for feature 'Implementation' and/or device 'xc7a100t'
INFO: [DRC 23-27] Running DRC with 2 threads
INFO: [Vivado_Tcl 4-198] DRC finished with 0 Errors
INFO: [Vivado_Tcl 4-199] Please refer to the DRC report (report_drc) for more information.
Running DRC as a precondition to command place_design
INFO: [DRC 23-27] Running DRC with 2 threads
INFO: [Vivado_Tcl 4-198] DRC finished with 0 Errors
INFO: [Vivado_Tcl 4-199] Please refer to the DRC report (report_drc) for more information.

Starting Placer Task
INFO: [Place 30-611] Multithreading enabled for place_design using a maximum of 2 CPUs

Phase 1 Placer Initialization

Phase 1.1 Placer Initialization Netlist Sorting
Netlist sorting complete. Time (s): cpu = 00:00:00 ; elapsed = 00:00:00 . Memory (MB): peak = 1199.109 ; gain = 0.000
Phase 1.1 Placer Initialization Netlist Sorting | Checksum: 132554a95

Time (s): cpu = 00:00:00 ; elapsed = 00:00:00.031 . Memory (MB): peak = 1199.109 ; gain = 0.000
Netlist sorting complete. Time (s): cpu = 00:00:00 ; elapsed = 00:00:00 . Memory (MB): peak = 1199.109 ; gain = 0.000

Phase 1.2 IO Placement/ Clock Placement/ Build Placer Device
INFO: [Timing 38-35] Done setting XDC timing constraints.
Phase 1.2 IO Placement/ Clock Placement/ Build Placer Device | Checksum: 7423ce3c

Time (s): cpu = 00:00:03 ; elapsed = 00:00:02 . Memory (MB): peak = 1211.121 ; gain = 12.012

Phase 1.3 Build Placer Netlist Model
Phase 1.3 Build Placer Netlist Model | Checksum: 85a4c016

Time (s): cpu = 00:00:03 ; elapsed = 00:00:02 . Memory (MB): peak = 1211.121 ; gain = 12.012

Phase 1.4 Constrain Clocks/Macros
Phase 1.4 Constrain Clocks/Macros | Checksum: 85a4c016

Time (s): cpu = 00:00:03 ; elapsed = 00:00:02 . Memory (MB): peak = 1211.121 ; gain = 12.012
Phase 1 Placer Initialization | Checksum: 85a4c016

Time (s): cpu = 00:00:03 ; elapsed = 00:00:02 . Memory (MB): peak = 1211.121 ; gain = 12.012

Phase 2 Global Placement

Phase 2.1 Floorplanning
Phase 2.1 Floorplanning | Checksum: f418a8cf

Time (s): cpu = 00:00:03 ; elapsed = 00:00:02 . Memory (MB): peak = 1211.121 ; gain = 12.012

Phase 2.2 Physical Synthesis In Placer
INFO: [Physopt 32-65] No nets found for high-fanout optimization.
INFO: [Physopt 32-232] Optimized 0 net. Created 0 new instance.
INFO: [Physopt 32-775] End 1 Pass. Optimized 0 net or cell. Created 0 new cell, deleted 0 existing cell and moved 0 existing cell
Netlist sorting complete. Time (s): cpu = 00:00:00 ; elapsed = 00:00:00 . Memory (MB): peak = 1211.121 ; gain = 0.000

Summary of Physical Synthesis Optimizations
============================================


-----------------------------------------------------------------------------------------------------------------------------
|  Optimization       |  Added Cells  |  Removed Cells  |  Optimized Cells/Nets  |  Dont Touch  |  Iterations  |  Elapsed   |
-----------------------------------------------------------------------------------------------------------------------------
|  Very High Fanout   |            0  |              0  |                     0  |           0  |           1  |  00:00:00  |
|  Total              |            0  |              0  |                     0  |           0  |           1  |  00:00:00  |
-----------------------------------------------------------------------------------------------------------------------------


Phase 2.2 Physical Synthesis In Placer | Checksum: 168743458

Time (s): cpu = 00:00:08 ; elapsed = 00:00:05 . Memory (MB): peak = 1211.121 ; gain = 12.012
Phase 2 Global Placement | Checksum: 155f5cb51

Time (s): cpu = 00:00:08 ; elapsed = 00:00:05 . Memory (MB): peak = 1211.121 ; gain = 12.012

Phase 3 Detail Placement

Phase 3.1 Commit Multi Column Macros
Phase 3.1 Commit Multi Column Macros | Checksum: 155f5cb51

Time (s): cpu = 00:00:08 ; elapsed = 00:00:05 . Memory (MB): peak = 1211.121 ; gain = 12.012

Phase 3.2 Commit Most Macros & LUTRAMs
Phase 3.2 Commit Most Macros & LUTRAMs | Checksum: 160a0848a

Time (s): cpu = 00:00:08 ; elapsed = 00:00:05 . Memory (MB): peak = 1211.121 ; gain = 12.012

Phase 3.3 Area Swap Optimization
Phase 3.3 Area Swap Optimization | Checksum: 1404066fe

Time (s): cpu = 00:00:08 ; elapsed = 00:00:05 . Memory (MB): peak = 1211.121 ; gain = 12.012

Phase 3.4 Pipeline Register Optimization
Phase 3.4 Pipeline Register Optimization | Checksum: 1404066fe

Time (s): cpu = 00:00:08 ; elapsed = 00:00:05 . Memory (MB): peak = 1211.121 ; gain = 12.012

Phase 3.5 Small Shape Detail Placement
Phase 3.5 Small Shape Detail Placement | Checksum: 11d017ed5

Time (s): cpu = 00:00:08 ; elapsed = 00:00:06 . Memory (MB): peak = 1211.121 ; gain = 12.012

Phase 3.6 Re-assign LUT pins
Phase 3.6 Re-assign LUT pins | Checksum: 1557e196d

Time (s): cpu = 00:00:08 ; elapsed = 00:00:06 . Memory (MB): peak = 1211.121 ; gain = 12.012

Phase 3.7 Pipeline Register Optimization
Phase 3.7 Pipeline Register Optimization | Checksum: 1557e196d

Time (s): cpu = 00:00:08 ; elapsed = 00:00:06 . Memory (MB): peak = 1211.121 ; gain = 12.012
Phase 3 Detail Placement | Checksum: 1557e196d

Time (s): cpu = 00:00:08 ; elapsed = 00:00:06 . Memory (MB): peak = 1211.121 ; gain = 12.012

Phase 4 Post Placement Optimization and Clean-Up

Phase 4.1 Post Commit Optimization
INFO: [Timing 38-35] Done setting XDC timing constraints.

Phase 4.1.1 Post Placement Optimization
Post Placement Optimization Initialization | Checksum: 1acb08ed3

Phase 4.1.1.1 BUFG Insertion
INFO: [Place 46-31] BUFG insertion identified 0 candidate nets, 0 success, 0 skipped for placement/routing, 0 skipped for timing, 0 skipped for netlist change reason.
Phase 4.1.1.1 BUFG Insertion | Checksum: 1acb08ed3

Time (s): cpu = 00:00:08 ; elapsed = 00:00:06 . Memory (MB): peak = 1237.543 ; gain = 38.434
INFO: [Place 30-746] Post Placement Timing Summary WNS=5.698. For the most accurate timing information please run report_timing.
Phase 4.1.1 Post Placement Optimization | Checksum: 18797bace

Time (s): cpu = 00:00:08 ; elapsed = 00:00:06 . Memory (MB): peak = 1237.543 ; gain = 38.434
Phase 4.1 Post Commit Optimization | Checksum: 18797bace

Time (s): cpu = 00:00:08 ; elapsed = 00:00:06 . Memory (MB): peak = 1237.543 ; gain = 38.434

Phase 4.2 Post Placement Cleanup
Phase 4.2 Post Placement Cleanup | Checksum: 18797bace

Time (s): cpu = 00:00:08 ; elapsed = 00:00:06 . Memory (MB): peak = 1237.543 ; gain = 38.434

Phase 4.3 Placer Reporting
Phase 4.3 Placer Reporting | Checksum: 18797bace

Time (s): cpu = 00:00:08 ; elapsed = 00:00:06 . Memory (MB): peak = 1237.543 ; gain = 38.434

Phase 4.4 Final Placement Cleanup
Phase 4.4 Final Placement Cleanup | Checksum: 17da43b9e

Time (s): cpu = 00:00:09 ; elapsed = 00:00:06 . Memory (MB): peak = 1237.543 ; gain = 38.434
Phase 4 Post Placement Optimization and Clean-Up | Checksum: 17da43b9e

Time (s): cpu = 00:00:09 ; elapsed = 00:00:06 . Memory (MB): peak = 1237.543 ; gain = 38.434
Ending Placer Task | Checksum: a9732ae4

Time (s): cpu = 00:00:09 ; elapsed = 00:00:06 . Memory (MB): peak = 1237.543 ; gain = 38.434
INFO: [Common 17-83] Releasing license: Implementation
49 Infos, 100 Warnings, 100 Critical Warnings and 0 Errors encountered.
place_design completed successfully
place_design: Time (s): cpu = 00:00:11 ; elapsed = 00:00:07 . Memory (MB): peak = 1237.543 ; gain = 38.434
INFO: [Timing 38-480] Writing timing data to binary archive.
Writing placer database...
Writing XDEF routing.
Writing XDEF routing logical nets.
Writing XDEF routing special nets.
Write XDEF Complete: Time (s): cpu = 00:00:00 ; elapsed = 00:00:00.081 . Memory (MB): peak = 1241.934 ; gain = 4.367
INFO: [Common 17-1381] The checkpoint 'C:/Users/cmrnn/Desktop/Reaction Timer/Reaction Timer.runs/impl_1/period_counter_placed.dcp' has been generated.
INFO: [runtcl-4] Executing : report_io -file period_counter_io_placed.rpt
report_io: Time (s): cpu = 00:00:00 ; elapsed = 00:00:00.056 . Memory (MB): peak = 1244.941 ; gain = 0.000
INFO: [runtcl-4] Executing : report_utilization -file period_counter_utilization_placed.rpt -pb period_counter_utilization_placed.pb
report_utilization: Time (s): cpu = 00:00:00 ; elapsed = 00:00:00.059 . Memory (MB): peak = 1244.941 ; gain = 0.000
INFO: [runtcl-4] Executing : report_control_sets -verbose -file period_counter_control_sets_placed.rpt
report_control_sets: Time (s): cpu = 00:00:00 ; elapsed = 00:00:00.003 . Memory (MB): peak = 1244.941 ; gain = 0.000
Command: route_design
Attempting to get a license for feature 'Implementation' and/or device 'xc7a100t'
INFO: [Common 17-349] Got license for feature 'Implementation' and/or device 'xc7a100t'
Running DRC as a precondition to command route_design
INFO: [DRC 23-27] Running DRC with 2 threads
INFO: [Vivado_Tcl 4-198] DRC finished with 0 Errors
INFO: [Vivado_Tcl 4-199] Please refer to the DRC report (report_drc) for more information.


Starting Routing Task
INFO: [Route 35-254] Multithreading enabled for route_design using a maximum of 2 CPUs
Checksum: PlaceDB: 68132e1d ConstDB: 0 ShapeSum: 415ffcc7 RouteDB: 0

Phase 1 Build RT Design
Phase 1 Build RT Design | Checksum: 4f865c35

Time (s): cpu = 00:00:51 ; elapsed = 00:00:47 . Memory (MB): peak = 1377.605 ; gain = 132.664
Post Restoration Checksum: NetGraph: 374fc9b7 NumContArr: 1836927e Constraints: 0 Timing: 0

Phase 2 Router Initialization

Phase 2.1 Create Timer
Phase 2.1 Create Timer | Checksum: 4f865c35

Time (s): cpu = 00:00:51 ; elapsed = 00:00:47 . Memory (MB): peak = 1377.605 ; gain = 132.664

Phase 2.2 Fix Topology Constraints
Phase 2.2 Fix Topology Constraints | Checksum: 4f865c35

Time (s): cpu = 00:00:51 ; elapsed = 00:00:47 . Memory (MB): peak = 1383.223 ; gain = 138.281

Phase 2.3 Pre Route Cleanup
Phase 2.3 Pre Route Cleanup | Checksum: 4f865c35

Time (s): cpu = 00:00:51 ; elapsed = 00:00:47 . Memory (MB): peak = 1383.223 ; gain = 138.281
 Number of Nodes with overlaps = 0

Phase 2.4 Update Timing
Phase 2.4 Update Timing | Checksum: 218898804

Time (s): cpu = 00:00:51 ; elapsed = 00:00:48 . Memory (MB): peak = 1390.176 ; gain = 145.234
INFO: [Route 35-416] Intermediate Timing Summary | WNS=5.719  | TNS=0.000  | WHS=-0.099 | THS=-0.799 |

Phase 2 Router Initialization | Checksum: 1db92302f

Time (s): cpu = 00:00:51 ; elapsed = 00:00:48 . Memory (MB): peak = 1390.176 ; gain = 145.234

Phase 3 Initial Routing
Phase 3 Initial Routing | Checksum: 1c4b7271f

Time (s): cpu = 00:00:52 ; elapsed = 00:00:48 . Memory (MB): peak = 1390.176 ; gain = 145.234

Phase 4 Rip-up And Reroute

Phase 4.1 Global Iteration 0
 Number of Nodes with overlaps = 7
 Number of Nodes with overlaps = 0
INFO: [Route 35-416] Intermediate Timing Summary | WNS=5.635  | TNS=0.000  | WHS=N/A    | THS=N/A    |

Phase 4.1 Global Iteration 0 | Checksum: 125dc1696

Time (s): cpu = 00:00:52 ; elapsed = 00:00:48 . Memory (MB): peak = 1390.176 ; gain = 145.234
Phase 4 Rip-up And Reroute | Checksum: 125dc1696

Time (s): cpu = 00:00:52 ; elapsed = 00:00:48 . Memory (MB): peak = 1390.176 ; gain = 145.234

Phase 5 Delay and Skew Optimization

Phase 5.1 Delay CleanUp
Phase 5.1 Delay CleanUp | Checksum: 125dc1696

Time (s): cpu = 00:00:52 ; elapsed = 00:00:48 . Memory (MB): peak = 1390.176 ; gain = 145.234

Phase 5.2 Clock Skew Optimization
Phase 5.2 Clock Skew Optimization | Checksum: 125dc1696

Time (s): cpu = 00:00:52 ; elapsed = 00:00:48 . Memory (MB): peak = 1390.176 ; gain = 145.234
Phase 5 Delay and Skew Optimization | Checksum: 125dc1696

Time (s): cpu = 00:00:52 ; elapsed = 00:00:48 . Memory (MB): peak = 1390.176 ; gain = 145.234

Phase 6 Post Hold Fix

Phase 6.1 Hold Fix Iter

Phase 6.1.1 Update Timing
Phase 6.1.1 Update Timing | Checksum: cf9ea8fa

Time (s): cpu = 00:00:52 ; elapsed = 00:00:48 . Memory (MB): peak = 1390.176 ; gain = 145.234
INFO: [Route 35-416] Intermediate Timing Summary | WNS=5.730  | TNS=0.000  | WHS=0.220  | THS=0.000  |

Phase 6.1 Hold Fix Iter | Checksum: cf9ea8fa

Time (s): cpu = 00:00:52 ; elapsed = 00:00:48 . Memory (MB): peak = 1390.176 ; gain = 145.234
Phase 6 Post Hold Fix | Checksum: cf9ea8fa

Time (s): cpu = 00:00:52 ; elapsed = 00:00:48 . Memory (MB): peak = 1390.176 ; gain = 145.234

Phase 7 Route finalize

Router Utilization Summary
  Global Vertical Routing Utilization    = 0.00535318 %
  Global Horizontal Routing Utilization  = 0.0059676 %
  Routable Net Status*
  *Does not include unroutable nets such as driverless and loadless.
  Run report_route_status for detailed report.
  Number of Failed Nets               = 0
  Number of Unrouted Nets             = 0
  Number of Partially Routed Nets     = 0
  Number of Node Overlaps             = 0

Phase 7 Route finalize | Checksum: 15561aa5a

Time (s): cpu = 00:00:52 ; elapsed = 00:00:48 . Memory (MB): peak = 1390.176 ; gain = 145.234

Phase 8 Verifying routed nets

 Verification completed successfully
Phase 8 Verifying routed nets | Checksum: 15561aa5a

Time (s): cpu = 00:00:52 ; elapsed = 00:00:48 . Memory (MB): peak = 1390.176 ; gain = 145.234

Phase 9 Depositing Routes
Phase 9 Depositing Routes | Checksum: 1aa9a28a9

Time (s): cpu = 00:00:52 ; elapsed = 00:00:48 . Memory (MB): peak = 1390.176 ; gain = 145.234

Phase 10 Post Router Timing
INFO: [Route 35-57] Estimated Timing Summary | WNS=5.730  | TNS=0.000  | WHS=0.220  | THS=0.000  |

INFO: [Route 35-327] The final timing numbers are based on the router estimated timing analysis. For a complete and accurate timing signoff, please run report_timing_summary.
Phase 10 Post Router Timing | Checksum: 1aa9a28a9

Time (s): cpu = 00:00:52 ; elapsed = 00:00:48 . Memory (MB): peak = 1390.176 ; gain = 145.234
INFO: [Route 35-16] Router Completed Successfully

Time (s): cpu = 00:00:52 ; elapsed = 00:00:48 . Memory (MB): peak = 1390.176 ; gain = 145.234

Routing Is Done.
INFO: [Common 17-83] Releasing license: Implementation
66 Infos, 100 Warnings, 100 Critical Warnings and 0 Errors encountered.
route_design completed successfully
route_design: Time (s): cpu = 00:00:54 ; elapsed = 00:00:50 . Memory (MB): peak = 1390.176 ; gain = 145.234
INFO: [Timing 38-480] Writing timing data to binary archive.
Writing placer database...
Writing XDEF routing.
Writing XDEF routing logical nets.
Writing XDEF routing special nets.
Write XDEF Complete: Time (s): cpu = 00:00:00 ; elapsed = 00:00:00.087 . Memory (MB): peak = 1390.176 ; gain = 0.000
INFO: [Common 17-1381] The checkpoint 'C:/Users/cmrnn/Desktop/Reaction Timer/Reaction Timer.runs/impl_1/period_counter_routed.dcp' has been generated.
INFO: [runtcl-4] Executing : report_drc -file period_counter_drc_routed.rpt -pb period_counter_drc_routed.pb -rpx period_counter_drc_routed.rpx
Command: report_drc -file period_counter_drc_routed.rpt -pb period_counter_drc_routed.pb -rpx period_counter_drc_routed.rpx
INFO: [DRC 23-27] Running DRC with 2 threads
INFO: [Coretcl 2-168] The results of DRC are in file C:/Users/cmrnn/Desktop/Reaction Timer/Reaction Timer.runs/impl_1/period_counter_drc_routed.rpt.
report_drc completed successfully
INFO: [runtcl-4] Executing : report_methodology -file period_counter_methodology_drc_routed.rpt -pb period_counter_methodology_drc_routed.pb -rpx period_counter_methodology_drc_routed.rpx
Command: report_methodology -file period_counter_methodology_drc_routed.rpt -pb period_counter_methodology_drc_routed.pb -rpx period_counter_methodology_drc_routed.rpx
INFO: [Timing 38-35] Done setting XDC timing constraints.
INFO: [Timing 38-35] Done setting XDC timing constraints.
INFO: [DRC 23-133] Running Methodology with 2 threads
INFO: [Coretcl 2-1520] The results of Report Methodology are in file C:/Users/cmrnn/Desktop/Reaction Timer/Reaction Timer.runs/impl_1/period_counter_methodology_drc_routed.rpt.
report_methodology completed successfully
INFO: [runtcl-4] Executing : report_power -file period_counter_power_routed.rpt -pb period_counter_power_summary_routed.pb -rpx period_counter_power_routed.rpx
Command: report_power -file period_counter_power_routed.rpt -pb period_counter_power_summary_routed.pb -rpx period_counter_power_routed.rpx
INFO: [Timing 38-35] Done setting XDC timing constraints.
Running Vector-less Activity Propagation...

Finished Running Vector-less Activity Propagation
78 Infos, 100 Warnings, 100 Critical Warnings and 0 Errors encountered.
report_power completed successfully
INFO: [runtcl-4] Executing : report_route_status -file period_counter_route_status.rpt -pb period_counter_route_status.pb
INFO: [runtcl-4] Executing : report_timing_summary -max_paths 10 -file period_counter_timing_summary_routed.rpt -pb period_counter_timing_summary_routed.pb -rpx period_counter_timing_summary_routed.rpx -warn_on_violation 
INFO: [Timing 38-91] UpdateTimingParams: Speed grade: -1, Delay Type: min_max, Timing Stage: Requireds.
INFO: [Timing 38-191] Multithreading enabled for timing update using a maximum of 2 CPUs
INFO: [runtcl-4] Executing : report_incremental_reuse -file period_counter_incremental_reuse_routed.rpt
INFO: [Vivado_Tcl 4-545] No incremental reuse to report, no incremental placement and routing data was found.
INFO: [runtcl-4] Executing : report_clock_utilization -file period_counter_clock_utilization_routed.rpt
INFO: [runtcl-4] Executing : report_bus_skew -warn_on_violation -file period_counter_bus_skew_routed.rpt -pb period_counter_bus_skew_routed.pb -rpx period_counter_bus_skew_routed.rpx
INFO: [Timing 38-91] UpdateTimingParams: Speed grade: -1, Delay Type: min_max, Timing Stage: Requireds.
INFO: [Timing 38-191] Multithreading enabled for timing update using a maximum of 2 CPUs
INFO: [Common 17-206] Exiting Vivado at Sat Apr 20 18:16:44 2019...
